#
# A fatal error has been detected by the Java Runtime Environment:
#
#  EXCEPTION_ACCESS_VIOLATION (0xc0000005) at pc=0x0000000000000000, pid=5292, tid=0x0000000000001bd8
#
# JRE version: Java(TM) SE Runtime Environment (8.0_144-b01) (build 1.8.0_144-b01)
# Java VM: Java HotSpot(TM) 64-Bit Server VM (25.144-b01 mixed mode windows-amd64 compressed oops)
# Problematic frame:
# C  0x0000000000000000
#
# Failed to write core dump. Minidumps are not enabled by default on client versions of Windows
#
# If you would like to submit a bug report, please visit:
#   http://bugreport.java.com/bugreport/crash.jsp
# The crash happened outside the Java Virtual Machine in native code.
# See problematic frame for where to report the bug.
#

---------------  T H R E A D  ---------------

Current thread (0x00000000023bf000):  JavaThread "main" [_thread_in_native, id=7128, stack(0x00000000023d0000,0x00000000024d0000)]

siginfo: ExceptionCode=0xc0000005, ExceptionInformation=0x0000000000000008 0x0000000000000000

Registers:
RAX=0x000000006b61beb0, RBX=0x00000000024ce0a0, RCX=0x00000000024ce0a0, RDX=0x00000000024ce808
RSP=0x00000000024cdf48, RBP=0x00000000024cdfd0, RSI=0x0000000000000000, RDI=0x0000000000000000
R8 =0x000000000000000b, R9 =0x0000000000000000, R10=0x00000000002e6bf3, R11=0x00000000024ce280
R12=0x00000000024ce878, R13=0x0000000055ad66b8, R14=0x00000000024ce950, R15=0x00000000023bf000
RIP=0x0000000000000000, EFLAGS=0x0000000000010206

Top of Stack: (sp=0x00000000024cdf48)
0x00000000024cdf48:   000000006b60e861 0000000057c4eae0
0x00000000024cdf58:   0000000060cbe77a 00000000023bf000
0x00000000024cdf68:   00000000024ce100 0000000055840188
0x00000000024cdf78:   0000000000000000 00000000023bf1f8
0x00000000024cdf88:   00000000024ce0f8 0000000057c4eae0
0x00000000024cdf98:   000000007787300a 0000000070880000
0x00000000024cdfa8:   0000000057c4eae0 00000000e1dc6978
0x00000000024cdfb8:   0000000057c4eae0 0000000057c4eae0
0x00000000024cdfc8:   0000000064438d94 0000000000000000
0x00000000024cdfd8:   0000000000000000 00000000024ce808
0x00000000024cdfe8:   000007fefdaa3150 0000000057c4eae0
0x00000000024cdff8:   0000000060be12b1 0000000000000000
0x00000000024ce008:   0000000000000000 0000000000270026
0x00000000024ce018:   0000000057c4eae0 0000000070881cc0
0x00000000024ce028:   000000006d9d264f 0000000070880000
0x00000000024ce038:   0000000070881cc0 0000000070881cc0 

Instructions: (pc=0x0000000000000000)
0xffffffffffffffe0:   


Register to memory mapping:

RAX=0x000000006b61beb0 is an unknown value
RBX=0x00000000024ce0a0 is pointing into the stack for thread: 0x00000000023bf000
RCX=0x00000000024ce0a0 is pointing into the stack for thread: 0x00000000023bf000
RDX=0x00000000024ce808 is pointing into the stack for thread: 0x00000000023bf000
RSP=0x00000000024cdf48 is pointing into the stack for thread: 0x00000000023bf000
RBP=0x00000000024cdfd0 is pointing into the stack for thread: 0x00000000023bf000
RSI=0x0000000000000000 is an unknown value
RDI=0x0000000000000000 is an unknown value
R8 =0x000000000000000b is an unknown value
R9 =0x0000000000000000 is an unknown value
R10=0x00000000002e6bf3 is an unknown value
R11=0x00000000024ce280 is pointing into the stack for thread: 0x00000000023bf000
R12=0x00000000024ce878 is pointing into the stack for thread: 0x00000000023bf000
R13={method} {0x0000000055ad66c0} 'getDeviceList' '(Lorg/usb4java/Context;Lorg/usb4java/DeviceList;)I' in 'org/usb4java/LibUsb'
R14=0x00000000024ce950 is pointing into the stack for thread: 0x00000000023bf000
R15=0x00000000023bf000 is a thread


Stack: [0x00000000023d0000,0x00000000024d0000],  sp=0x00000000024cdf48,  free space=1015k
Native frames: (J=compiled Java code, j=interpreted, Vv=VM code, C=native code)

Java frames: (J=compiled Java code, j=interpreted, Vv=VM code)
j  org.usb4java.LibUsb.getDeviceList(Lorg/usb4java/Context;Lorg/usb4java/DeviceList;)I+0
j  myWeather.Q.findDevice()Lorg/usb4java/Device;+10
j  myWeather.Q.main([Ljava/lang/String;)V+78
v  ~StubRoutines::call_stub
j  sun.reflect.NativeMethodAccessorImpl.invoke0(Ljava/lang/reflect/Method;Ljava/lang/Object;[Ljava/lang/Object;)Ljava/lang/Object;+0
j  sun.reflect.NativeMethodAccessorImpl.invoke(Ljava/lang/Object;[Ljava/lang/Object;)Ljava/lang/Object;+100
j  sun.reflect.DelegatingMethodAccessorImpl.invoke(Ljava/lang/Object;[Ljava/lang/Object;)Ljava/lang/Object;+6
j  java.lang.reflect.Method.invoke(Ljava/lang/Object;[Ljava/lang/Object;)Ljava/lang/Object;+56
j  com.intellij.rt.execution.application.AppMain.main([Ljava/lang/String;)V+157
v  ~StubRoutines::call_stub

---------------  P R O C E S S  ---------------

Java Threads: ( => current thread )
  0x0000000057bf6000 JavaThread "Monitor Ctrl-Break" daemon [_thread_in_native, id=5312, stack(0x00000000584d0000,0x00000000585d0000)]
  0x0000000057a4e800 JavaThread "Service Thread" daemon [_thread_blocked, id=5168, stack(0x0000000058190000,0x0000000058290000)]
  0x00000000579d3000 JavaThread "C1 CompilerThread2" daemon [_thread_blocked, id=5940, stack(0x00000000574f0000,0x00000000575f0000)]
  0x00000000579d1000 JavaThread "C2 CompilerThread1" daemon [_thread_blocked, id=6476, stack(0x0000000057f40000,0x0000000058040000)]
  0x00000000560c5800 JavaThread "C2 CompilerThread0" daemon [_thread_blocked, id=5764, stack(0x00000000578d0000,0x00000000579d0000)]
  0x00000000560c2000 JavaThread "Attach Listener" daemon [_thread_blocked, id=5220, stack(0x0000000057720000,0x0000000057820000)]
  0x00000000560c0000 JavaThread "Signal Dispatcher" daemon [_thread_blocked, id=6084, stack(0x00000000575f0000,0x00000000576f0000)]
  0x00000000560aa800 JavaThread "Finalizer" daemon [_thread_blocked, id=4748, stack(0x0000000057380000,0x0000000057480000)]
  0x0000000056063000 JavaThread "Reference Handler" daemon [_thread_blocked, id=6628, stack(0x0000000057170000,0x0000000057270000)]
=>0x00000000023bf000 JavaThread "main" [_thread_in_native, id=7128, stack(0x00000000023d0000,0x00000000024d0000)]

Other Threads:
  0x000000005605b800 VMThread [stack: 0x0000000057280000,0x0000000057380000] [id=6836]
  0x0000000057a7a800 WatcherThread [stack: 0x00000000582c0000,0x00000000583c0000] [id=6368]

VM state:not at safepoint (normal execution)

VM Mutex/Monitor currently owned by a thread: None

Heap:
 PSYoungGen      total 27648K, used 2892K [0x00000000e1b00000, 0x00000000e3980000, 0x0000000100000000)
  eden space 24064K, 12% used [0x00000000e1b00000,0x00000000e1dd31d0,0x00000000e3280000)
  from space 3584K, 0% used [0x00000000e3600000,0x00000000e3600000,0x00000000e3980000)
  to   space 3584K, 0% used [0x00000000e3280000,0x00000000e3280000,0x00000000e3600000)
 ParOldGen       total 62976K, used 0K [0x00000000a5000000, 0x00000000a8d80000, 0x00000000e1b00000)
  object space 62976K, 0% used [0x00000000a5000000,0x00000000a5000000,0x00000000a8d80000)
 Metaspace       used 4046K, capacity 4638K, committed 4864K, reserved 1056768K
  class space    used 451K, capacity 462K, committed 512K, reserved 1048576K

Card table byte_map: [0x0000000011b60000,0x0000000011e40000] byte_map_base: 0x0000000011638000

Marking Bits: (ParMarkBitMap*) 0x00000000612bd850
 Begin Bits: [0x0000000012670000, 0x0000000013d30000)
 End Bits:   [0x0000000013d30000, 0x00000000153f0000)

Polling page: 0x0000000000140000

CodeCache: size=245760Kb used=1421Kb max_used=1421Kb free=244339Kb
 bounds [0x00000000027a0000, 0x0000000002a10000, 0x00000000117a0000]
 total_blobs=439 nmethods=159 adapters=193
 compilation: enabled

Compilation events (10 events):
Event: 0.262 Thread 0x00000000579d3000  154       3       java.lang.String::toLowerCase (8 bytes)
Event: 0.263 Thread 0x00000000579d3000 nmethod 154 0x00000000028fc450 code [0x00000000028fc5c0, 0x00000000028fc828]
Event: 0.263 Thread 0x00000000579d3000  155       3       java.util.Locale::getDefault (4 bytes)
Event: 0.263 Thread 0x00000000579d3000 nmethod 155 0x00000000028fc110 code [0x00000000028fc260, 0x00000000028fc3b0]
Event: 0.303 Thread 0x00000000579d3000  157       3       java.lang.String::toCharArray (25 bytes)
Event: 0.304 Thread 0x00000000579d3000 nmethod 157 0x0000000002902150 code [0x00000000029022c0, 0x0000000002902548]
Event: 0.304 Thread 0x00000000579d3000  158   !   3       sun.misc.URLClassPath$JarLoader::getResource (85 bytes)
Event: 0.305 Thread 0x00000000579d3000 nmethod 158 0x0000000002902610 code [0x0000000002902820, 0x0000000002903278]
Event: 0.307 Thread 0x00000000579d3000  159       3       java.util.zip.ZStreamRef::address (5 bytes)
Event: 0.307 Thread 0x00000000579d3000 nmethod 159 0x0000000002903790 code [0x00000000029038e0, 0x0000000002903a30]

GC Heap History (0 events):
No events

Deoptimization events (0 events):
No events

Internal exceptions (6 events):
Event: 0.026 Thread 0x00000000023bf000 Exception <a 'java/lang/NoSuchMethodError': Method sun.misc.Unsafe.defineClass(Ljava/lang/String;[BII)Ljava/lang/Class; name or signature does not match> (0x00000000e1b07ca8) thrown at [C:\re\workspace\8-2-build-windows-amd64-cygwin\jdk8u144\9417\hotspot\
Event: 0.026 Thread 0x00000000023bf000 Exception <a 'java/lang/NoSuchMethodError': Method sun.misc.Unsafe.prefetchRead(Ljava/lang/Object;J)V name or signature does not match> (0x00000000e1b07f90) thrown at [C:\re\workspace\8-2-build-windows-amd64-cygwin\jdk8u144\9417\hotspot\src\share\vm\prims
Event: 0.181 Thread 0x00000000023bf000 Exception <a 'java/security/PrivilegedActionException'> (0x00000000e1cbf498) thrown at [C:\re\workspace\8-2-build-windows-amd64-cygwin\jdk8u144\9417\hotspot\src\share\vm\prims\jvm.cpp, line 1390]
Event: 0.181 Thread 0x00000000023bf000 Exception <a 'java/security/PrivilegedActionException'> (0x00000000e1cbf6a8) thrown at [C:\re\workspace\8-2-build-windows-amd64-cygwin\jdk8u144\9417\hotspot\src\share\vm\prims\jvm.cpp, line 1390]
Event: 0.181 Thread 0x00000000023bf000 Exception <a 'java/security/PrivilegedActionException'> (0x00000000e1cc35b8) thrown at [C:\re\workspace\8-2-build-windows-amd64-cygwin\jdk8u144\9417\hotspot\src\share\vm\prims\jvm.cpp, line 1390]
Event: 0.181 Thread 0x00000000023bf000 Exception <a 'java/security/PrivilegedActionException'> (0x00000000e1cc37c8) thrown at [C:\re\workspace\8-2-build-windows-amd64-cygwin\jdk8u144\9417\hotspot\src\share\vm\prims\jvm.cpp, line 1390]

Events (10 events):
Event: 0.260 loading class sun/net/www/protocol/jar/URLJarFile$URLJarFileCloseController done
Event: 0.260 loading class sun/net/www/protocol/jar/JarFileFactory done
Event: 0.260 loading class sun/net/www/protocol/jar/URLJarFile
Event: 0.261 loading class sun/net/www/protocol/jar/URLJarFile done
Event: 0.261 Executing VM operation: Deoptimize
Event: 0.261 Executing VM operation: Deoptimize done
Event: 0.263 loading class sun/net/www/protocol/jar/URLJarFile$URLJarFileEntry
Event: 0.263 loading class sun/net/www/protocol/jar/URLJarFile$URLJarFileEntry done
Event: 0.263 loading class sun/net/www/protocol/jar/JarURLConnection$JarURLInputStream
Event: 0.263 loading class sun/net/www/protocol/jar/JarURLConnection$JarURLInputStream done


Dynamic libraries:
0x000000013f770000 - 0x000000013f7a7000 	C:\Program Files\Java\jdk1.8.0_144\bin\java.exe
0x0000000077a70000 - 0x0000000077c19000 	C:\Windows\SYSTEM32\ntdll.dll
0x0000000077850000 - 0x000000007796f000 	C:\Windows\system32\kernel32.dll
0x000007fefdaa0000 - 0x000007fefdb0b000 	C:\Windows\system32\KERNELBASE.dll
0x000007fefed00000 - 0x000007fefeddb000 	C:\Windows\system32\ADVAPI32.dll
0x000007fefe430000 - 0x000007fefe4cf000 	C:\Windows\system32\msvcrt.dll
0x000007fefec60000 - 0x000007fefec7f000 	C:\Windows\SYSTEM32\sechost.dll
0x000007feffc50000 - 0x000007feffd7d000 	C:\Windows\system32\RPCRT4.dll
0x0000000077970000 - 0x0000000077a6a000 	C:\Windows\system32\USER32.dll
0x000007fefebc0000 - 0x000007fefec27000 	C:\Windows\system32\GDI32.dll
0x000007fefe420000 - 0x000007fefe42e000 	C:\Windows\system32\LPK.dll
0x000007fefdc80000 - 0x000007fefdd49000 	C:\Windows\system32\USP10.dll
0x000007fefc1c0000 - 0x000007fefc3b4000 	C:\Windows\WinSxS\amd64_microsoft.windows.common-controls_6595b64144ccf1df_6.0.7601.17514_none_fa396087175ac9ac\COMCTL32.dll
0x000007fefea90000 - 0x000007fefeb01000 	C:\Windows\system32\SHLWAPI.dll
0x000007fefec30000 - 0x000007fefec5e000 	C:\Windows\system32\IMM32.DLL
0x000007fefe980000 - 0x000007fefea89000 	C:\Windows\system32\MSCTF.dll
0x00000000643d0000 - 0x00000000644a2000 	C:\Program Files\Java\jdk1.8.0_144\jre\bin\msvcr100.dll
0x0000000060aa0000 - 0x000000006133d000 	C:\Program Files\Java\jdk1.8.0_144\jre\bin\server\jvm.dll
0x000007fef6da0000 - 0x000007fef6da9000 	C:\Windows\system32\WSOCK32.dll
0x000007fefe060000 - 0x000007fefe0ad000 	C:\Windows\system32\WS2_32.dll
0x000007fefeb10000 - 0x000007fefeb18000 	C:\Windows\system32\NSI.dll
0x000007fefaf00000 - 0x000007fefaf3b000 	C:\Windows\system32\WINMM.dll
0x000007fefc9a0000 - 0x000007fefc9ac000 	C:\Windows\system32\VERSION.dll
0x0000000077c30000 - 0x0000000077c37000 	C:\Windows\system32\PSAPI.DLL
0x000000006dad0000 - 0x000000006dadf000 	C:\Program Files\Java\jdk1.8.0_144\jre\bin\verify.dll
0x000000006d9d0000 - 0x000000006d9f9000 	C:\Program Files\Java\jdk1.8.0_144\jre\bin\java.dll
0x0000000068d40000 - 0x0000000068d56000 	C:\Program Files\Java\jdk1.8.0_144\jre\bin\zip.dll
0x000007fefeec0000 - 0x000007feffc48000 	C:\Windows\system32\SHELL32.dll
0x000007fefe210000 - 0x000007fefe413000 	C:\Windows\system32\ole32.dll
0x000007fefd850000 - 0x000007fefd85f000 	C:\Windows\system32\profapi.dll
0x000007fefad10000 - 0x000007fefad20000 	C:\Program Files\IntelliJ IDEA 14.1.6\bin\breakgen64.dll
0x0000000068010000 - 0x000000006802a000 	C:\Program Files\Java\jdk1.8.0_144\jre\bin\net.dll
0x000007fefd080000 - 0x000007fefd0d5000 	C:\Windows\system32\mswsock.dll
0x000007fefd070000 - 0x000007fefd077000 	C:\Windows\System32\wship6.dll
0x000007fefd0e0000 - 0x000007fefd0f7000 	C:\Windows\system32\CRYPTSP.dll
0x000007fefcde0000 - 0x000007fefce27000 	C:\Windows\system32\rsaenh.dll
0x000007fefcba0000 - 0x000007fefcbbe000 	C:\Windows\system32\USERENV.dll
0x000007fefd780000 - 0x000007fefd78f000 	C:\Windows\system32\CRYPTBASE.dll
0x000007fefa7c0000 - 0x000007fefa7e7000 	C:\Windows\system32\IPHLPAPI.DLL
0x000007fefa7b0000 - 0x000007fefa7bb000 	C:\Windows\system32\WINNSI.DLL
0x000007fefa3e0000 - 0x000007fefa3f1000 	C:\Windows\system32\dhcpcsvc6.DLL
0x000007fefa6a0000 - 0x000007fefa6b8000 	C:\Windows\system32\dhcpcsvc.DLL
0x0000000068310000 - 0x0000000068321000 	C:\Program Files\Java\jdk1.8.0_144\jre\bin\nio.dll
0x000000006b600000 - 0x000000006b62f000 	C:\Users\Андрей\AppData\Local\Temp\usb4java654203820719966940.tmp\libusb-1.0.dll
0x0000000070880000 - 0x0000000070897000 	C:\Users\Андрей\AppData\Local\Temp\usb4java654203820719966940.tmp\libusb4java.dll
0x000007fef8940000 - 0x000007fef8a65000 	C:\Windows\system32\dbghelp.dll

VM Arguments:
jvm_args: -Didea.launcher.port=7537 -Didea.launcher.bin.path=C:\Program Files\IntelliJ IDEA 14.1.6\bin -Dfile.encoding=windows-1251 
java_command: com.intellij.rt.execution.application.AppMain myWeather.Q
java_class_path (initial): C:\Program Files\Java\jdk1.8.0_144\jre\lib\charsets.jar;C:\Program Files\Java\jdk1.8.0_144\jre\lib\deploy.jar;C:\Program Files\Java\jdk1.8.0_144\jre\lib\javaws.jar;C:\Program Files\Java\jdk1.8.0_144\jre\lib\jce.jar;C:\Program Files\Java\jdk1.8.0_144\jre\lib\jfr.jar;C:\Program Files\Java\jdk1.8.0_144\jre\lib\jfxswt.jar;C:\Program Files\Java\jdk1.8.0_144\jre\lib\jsse.jar;C:\Program Files\Java\jdk1.8.0_144\jre\lib\management-agent.jar;C:\Program Files\Java\jdk1.8.0_144\jre\lib\plugin.jar;C:\Program Files\Java\jdk1.8.0_144\jre\lib\resources.jar;C:\Program Files\Java\jdk1.8.0_144\jre\lib\rt.jar;C:\Program Files\Java\jdk1.8.0_144\jre\lib\ext\access-bridge-64.jar;C:\Program Files\Java\jdk1.8.0_144\jre\lib\ext\cldrdata.jar;C:\Program Files\Java\jdk1.8.0_144\jre\lib\ext\dnsns.jar;C:\Program Files\Java\jdk1.8.0_144\jre\lib\ext\jaccess.jar;C:\Program Files\Java\jdk1.8.0_144\jre\lib\ext\jfxrt.jar;C:\Program Files\Java\jdk1.8.0_144\jre\lib\ext\localedata.jar;C:\Program Files\Java\jdk1.8.0_144\jre\lib\ext\nashorn.jar;C:\Program Files\Java\jdk1.8.0_144\jre\lib\ext\sunec.jar;C:\Program Files\Java\jdk1.8.0_144\jre\lib\ext\sunjce_provider.jar;C:\Program Files\Java\jdk1.8.0_144\jre\lib\ext\sunmscapi.jar;C:\Program Files\Java\jdk1.8.0_144\jre\lib\ext\sunpkcs11.jar;C:\Program Files\Java\jdk1.8.0_144\jre\lib\ext\zipfs.jar;D:\projects\MyWeather\target\classes;C:\Users\Андрей\.m2\repository\com\googlecode\json-simple\json-simple\1.1.1\json-simple-1.1.1.jar;C:\Users\Андрей\.m2\repository\junit\junit\4.10\junit-4.10.jar;C:\Users\Андрей\.m2\repository\org\hamcrest\hamcrest-core\1.1\hamcrest-core-1.1.jar;C:\Users\Андрей\.m2\repository\org\usb4java\usb4java\1.2.0\usb4java-1.2.0.jar;C:\Users\Андрей\.m2\repository\org\usb4java\libusb4java\1.2.0\libusb4java-1.2.0-linux-x86.jar;C:\Users\Андрей\.m2\repository\org\usb4java\libusb4java\1.2.0\libusb4java-1.2.0-linux-x86_64.jar;C:\Users\Андрей\.m2\repository\org\usb4java\libusb4java\1.2.0\libusb4java-1.2.0-linux-arm.jar;C:\U
Launcher Type: SUN_STANDARD

Environment Variables:
PATH=C:\ProgramData\Oracle\Java\javapath;C:\Windows\system32;C:\Windows;C:\Windows\System32\Wbem;C:\Windows\System32\WindowsPowerShell\v1.0\;C:\Program Files\Git\cmd;C:\Program Files (x86)\Skype\Phone\
USERNAME=Андрей
OS=Windows_NT
PROCESSOR_IDENTIFIER=Intel64 Family 6 Model 60 Stepping 3, GenuineIntel



---------------  S Y S T E M  ---------------

OS: Windows 7 , 64 bit Build 7601 (6.1.7601.18015)

CPU:total 4 (initial active 4) (2 cores per cpu, 2 threads per core) family 6 model 60 stepping 3, cmov, cx8, fxsr, mmx, sse, sse2, sse3, ssse3, sse4.1, sse4.2, popcnt, avx, avx2, aes, clmul, erms, lzcnt, ht, tsc, tscinvbit, bmi1, bmi2

Memory: 4k page, physical 5957428k(2005232k free), swap 12247028k(7762380k free)

vm_info: Java HotSpot(TM) 64-Bit Server VM (25.144-b01) for windows-amd64 JRE (1.8.0_144-b01), built on Jul 21 2017 21:57:33 by "java_re" with MS VC++ 10.0 (VS2010)

time: Fri Jan 12 16:41:02 2018
elapsed time: 0 seconds (0d 0h 0m 0s)

